Removed Pin From Net: NetName=+3.3V_VDD Pin=C200-1
Removed Pin From Net: NetName=GND Pin=C200-2
Removed Pin From Net: NetName=GND Pin=C203-1
Removed Pin From Net: NetName=HP_DETECT Pin=C203-2
Removed Pin From Net: NetName=GND Pin=C206-2
Removed Pin From Net: NetName=GND Pin=C209-2
Removed Pin From Net: NetName=GND Pin=C215-2
Removed Pin From Net: NetName=GND Pin=C217-2
Removed Pin From Net: NetName=GND Pin=C223-2
Removed Pin From Net: NetName=GND Pin=C224-2
Removed Pin From Net: NetName=GND Pin=C225-2
Removed Pin From Net: NetName=GND Pin=C226-2
Removed Pin From Net: NetName=GND Pin=C227-2
Removed Pin From Net: NetName=GND Pin=C300-2
Removed Pin From Net: NetName=GND Pin=C301-1
Removed Pin From Net: NetName=GND Pin=C302-1
Removed Pin From Net: NetName=GND Pin=C303-1
Removed Pin From Net: NetName=GND Pin=C304-2
Removed Pin From Net: NetName=GND Pin=C305-2
Removed Pin From Net: NetName=GND Pin=C306-2
Removed Pin From Net: NetName=GND Pin=C307-2
Removed Pin From Net: NetName=GND Pin=C308-1
Removed Pin From Net: NetName=GND Pin=C309-2
Removed Pin From Net: NetName=GND Pin=C310-2
Removed Pin From Net: NetName=GND Pin=C311-1
Removed Pin From Net: NetName=GND Pin=C312-2
Removed Pin From Net: NetName=GND Pin=C313-1
Removed Pin From Net: NetName=CHASIS Pin=C314-1
Removed Pin From Net: NetName=GND Pin=C314-2
Removed Pin From Net: NetName=CHASIS Pin=C315-1
Removed Pin From Net: NetName=GND Pin=C315-2
Removed Pin From Net: NetName=GND Pin=C316-2
Removed Pin From Net: NetName=GND Pin=C317-2
Removed Pin From Net: NetName=GND Pin=C400-2
Removed Pin From Net: NetName=+3.3V_EXT Pin=C401-1
Removed Pin From Net: NetName=GND Pin=C401-2
Removed Pin From Net: NetName=GND Pin=C404-2
Removed Pin From Net: NetName=GND Pin=C405-2
Removed Pin From Net: NetName=GND Pin=C406-2
Removed Pin From Net: NetName=GND Pin=C407-2
Removed Pin From Net: NetName=GND Pin=C408-2
Removed Pin From Net: NetName=GND Pin=C409-2
Removed Pin From Net: NetName=GND Pin=C410-2
Removed Pin From Net: NetName=GND Pin=C411-2
Removed Pin From Net: NetName=GND Pin=C412-1
Removed Pin From Net: NetName=+1.5V_VDD Pin=C413-1
Removed Pin From Net: NetName=GND Pin=C413-2
Removed Pin From Net: NetName=GND Pin=C414-1
Removed Pin From Net: NetName=+1.5V_VDD Pin=C414-2
Removed Pin From Net: NetName=GND Pin=C417-1
Removed Pin From Net: NetName=+3.3V_EXT Pin=C419-1
Removed Pin From Net: NetName=GND Pin=C419-2
Removed Pin From Net: NetName=GND Pin=C1100-2
Removed Pin From Net: NetName=+3.3V_EXT Pin=C1101-1
Removed Pin From Net: NetName=GND Pin=C1101-2
Removed Pin From Net: NetName=+5V Pin=C1102-1
Removed Pin From Net: NetName=GND Pin=C1102-2
Removed Pin From Net: NetName=GND Pin=C1103-2
Removed Pin From Net: NetName=GND Pin=C1105-2
Removed Pin From Net: NetName=GND Pin=C1106-1
Removed Pin From Net: NetName=GND Pin=C1300-2
Removed Pin From Net: NetName=GND Pin=C1301-2
Removed Pin From Net: NetName=GND Pin=C1302-1
Removed Pin From Net: NetName=GND Pin=C1303-2
Removed Pin From Net: NetName=GND Pin=C1304-2
Removed Pin From Net: NetName=GND Pin=C1305-2
Removed Pin From Net: NetName=GND Pin=C1306-1
Removed Pin From Net: NetName=GND Pin=C1307-1
Removed Pin From Net: NetName=GND Pin=C1309-2
Removed Pin From Net: NetName=GND Pin=C1310-2
Removed Pin From Net: NetName=GND Pin=C1312-2
Removed Pin From Net: NetName=GND Pin=C1313-2
Removed Pin From Net: NetName=GND Pin=C1314-2
Removed Pin From Net: NetName=GND Pin=C1315-2
Removed Pin From Net: NetName=GND Pin=C1316-2
Removed Pin From Net: NetName=GND Pin=C1317-2
Removed Pin From Net: NetName=GND Pin=C1318-2
Removed Pin From Net: NetName=GND Pin=CON102-3
Removed Pin From Net: NetName=GND Pin=CON102-6
Removed Pin From Net: NetName=GND Pin=CON102-7
Removed Pin From Net: NetName=GND Pin=CON102-16
Removed Pin From Net: NetName=GND Pin=CON102-17
Removed Pin From Net: NetName=GND Pin=CON300-1
Removed Pin From Net: NetName=CHASIS Pin=CON300-15
Removed Pin From Net: NetName=CHASIS Pin=CON300-16
Removed Pin From Net: NetName=GND Pin=CON400-0
Removed Pin From Net: NetName=GND Pin=CON400-0
Removed Pin From Net: NetName=GND Pin=CON400-0
Removed Pin From Net: NetName=GND Pin=CON400-0
Removed Pin From Net: NetName=GND Pin=CON400-0
Removed Pin From Net: NetName=GND Pin=CON400-0
Removed Pin From Net: NetName=GND Pin=CON400-5
Removed Pin From Net: NetName=+3.3V_EXT Pin=CON401-2
Removed Pin From Net: NetName=GND Pin=CON401-4
Removed Pin From Net: NetName=+1.5V_VDD Pin=CON401-6
Removed Pin From Net: NetName=GND Pin=CON401-9
Removed Pin From Net: NetName=GND Pin=CON401-15
Removed Pin From Net: NetName=GND Pin=CON401-18
Removed Pin From Net: NetName=GND Pin=CON401-21
Removed Pin From Net: NetName=+3.3V_EXT Pin=CON401-24
Removed Pin From Net: NetName=GND Pin=CON401-26
Removed Pin From Net: NetName=GND Pin=CON401-27
Removed Pin From Net: NetName=+1.5V_VDD Pin=CON401-28
Removed Pin From Net: NetName=GND Pin=CON401-29
Removed Pin From Net: NetName=GND Pin=CON401-34
Removed Pin From Net: NetName=GND Pin=CON401-35
Removed Pin From Net: NetName=GND Pin=CON401-37
Removed Pin From Net: NetName=+3.3V_EXT Pin=CON401-39
Removed Pin From Net: NetName=GND Pin=CON401-40
Removed Pin From Net: NetName=+3.3V_EXT Pin=CON401-41
Removed Pin From Net: NetName=GND Pin=CON401-43
Removed Pin From Net: NetName=+1.5V_VDD Pin=CON401-48
Removed Pin From Net: NetName=GND Pin=CON401-50
Removed Pin From Net: NetName=+3.3V_EXT Pin=CON401-52
Removed Pin From Net: NetName=GND Pin=CON1100-5
Removed Pin From Net: NetName=GND Pin=CON1100-10
Removed Pin From Net: NetName=GND Pin=CON1100-13
Removed Pin From Net: NetName=+3.3V_EXT Pin=CON1100-18
Removed Pin From Net: NetName=GND Pin=CON1100-19
Removed Pin From Net: NetName=GND Pin=CON1100-26
Removed Pin From Net: NetName=GND Pin=CON1100-29
Removed Pin From Net: NetName=GND Pin=CON1100-33
Removed Pin From Net: NetName=GND Pin=CON1100-40
Removed Pin From Net: NetName=SAI1_RXD5 Pin=CON1300-1
Removed Pin From Net: NetName=SAI1_RXD4 Pin=CON1300-2
Removed Pin From Net: NetName=SAI1_TXD2 Pin=CON1300-3
Removed Pin From Net: NetName=SAI1_TXD3 Pin=CON1300-4
Removed Pin From Net: NetName=SAI1_TXD5 Pin=CON1300-5
Removed Pin From Net: NetName=SAI1_TXD4 Pin=CON1300-6
Removed Pin From Net: NetName=GND Pin=CON1300-13
Removed Pin From Net: NetName=+5V Pin=CON1300-14
Removed Pin From Net: NetName=GND Pin=D200-1
Removed Pin From Net: NetName=GND Pin=D201-1
Removed Pin From Net: NetName=GND Pin=D202-1
Removed Pin From Net: NetName=GND Pin=D203-1
Removed Pin From Net: NetName=GND Pin=D204-2
Removed Pin From Net: NetName=GND Pin=D205-2
Removed Pin From Net: NetName=GND Pin=D206-1
Removed Pin From Net: NetName=GND Pin=D207-1
Removed Pin From Net: NetName=GND Pin=D403-2
Removed Pin From Net: NetName=GND Pin=D1101-1
Removed Pin From Net: NetName=+VBACKUP Pin=D1102-1
Removed Pin From Net: NetName=+3.3V_VDD Pin=D1102-2
Removed Pin From Net: NetName=GND Pin=D1300-3
Removed Pin From Net: NetName=UART4_RXD Pin=D1301-1
Removed Pin From Net: NetName=+3.3V_VDD Pin=L200-1
Removed Pin From Net: NetName=+3.3V_VDD Pin=L201-1
Removed Pin From Net: NetName=+5V Pin=L202-2
Removed Pin From Net: NetName=+1.8V_VDD Pin=L204-1
Removed Pin From Net: NetName=+5V Pin=L206-1
Removed Pin From Net: NetName=GND Pin=L211-1
Removed Pin From Net: NetName=GND Pin=L212-1
Removed Pin From Net: NetName=CHASIS Pin=L301-1
Removed Pin From Net: NetName=GND Pin=L301-2
Removed Pin From Net: NetName=+1.8V_VDD Pin=L401-1
Removed Pin From Net: NetName=+1.8V_VDD Pin=L402-2
Removed Pin From Net: NetName=+1.8V_VDD Pin=L403-1
Removed Pin From Net: NetName=+3.3V_EXT Pin=L1100-1
Removed Pin From Net: NetName=+5V Pin=L1101-1
Removed Pin From Net: NetName=+3.3V_VDD Pin=L1102-2
Removed Pin From Net: NetName=+5V Pin=L1300-2
Removed Pin From Net: NetName=+3.3V_VDD Pin=L1302-1
Removed Pin From Net: NetName=+3.3V_VDD Pin=L1303-2
Removed Pin From Net: NetName=+5V Pin=L1305-2
Removed Pin From Net: NetName=+5V Pin=L1310-2
Removed Pin From Net: NetName=GND Pin=Q201-2
Removed Pin From Net: NetName=GND Pin=Q400-2
Removed Pin From Net: NetName=GND Pin=Q1100-2
Removed Pin From Net: NetName=GPIO_EXP_9_1V8 Pin=Q1101-1
Removed Pin From Net: NetName=+1.8V_VDD Pin=Q1101-2
Removed Pin From Net: NetName=GPIO_EXP_11_1V8 Pin=Q1101-4
Removed Pin From Net: NetName=+1.8V_VDD Pin=Q1101-5
Removed Pin From Net: NetName=GPIO_EXP_12_1V8 Pin=Q1102-1
Removed Pin From Net: NetName=+1.8V_VDD Pin=Q1102-2
Removed Pin From Net: NetName=GPIO_EXP_10_1V8 Pin=Q1102-4
Removed Pin From Net: NetName=+1.8V_VDD Pin=Q1102-5
Removed Pin From Net: NetName=+1.8V_VDD Pin=Q1103-1
Removed Pin From Net: NetName=ECSPI2_SS1_1V8 Pin=Q1103-2
Removed Pin From Net: NetName=+1.8V_VDD Pin=Q1300-1
Removed Pin From Net: NetName=UART_GPIO Pin=Q1300-2
Removed Pin From Net: NetName=SAI1_TXD6 Pin=R119-2
Removed Pin From Net: NetName=SAI1_TXD7 Pin=R127-2
Removed Pin From Net: NetName=+1.8V_VDD Pin=R200-2
Removed Pin From Net: NetName=HP_DETECT Pin=R201-1
Removed Pin From Net: NetName=+5V Pin=R212-1
Removed Pin From Net: NetName=GND Pin=R303-1
Removed Pin From Net: NetName=GND Pin=R310-1
Removed Pin From Net: NetName=GND Pin=R312-2
Removed Pin From Net: NetName=GND Pin=R313-2
Removed Pin From Net: NetName=GND Pin=R314-2
Removed Pin From Net: NetName=GND Pin=R315-1
Removed Pin From Net: NetName=GND Pin=R319-1
Removed Pin From Net: NetName=GND Pin=R330-2
Removed Pin From Net: NetName=GND Pin=R332-2
Removed Pin From Net: NetName=GND Pin=R334-2
Removed Pin From Net: NetName=GND Pin=R336-2
Removed Pin From Net: NetName=GND Pin=R341-2
Removed Pin From Net: NetName=GND Pin=R343-2
Removed Pin From Net: NetName=+3.3V_VDD Pin=R345-1
Removed Pin From Net: NetName=+3.3V_EXT Pin=R346-1
Removed Pin From Net: NetName=+1.8V_VDD Pin=R348-1
Removed Pin From Net: NetName=+3.3V_VDD Pin=R400-2
Removed Pin From Net: NetName=+3.3V_VDD Pin=R401-2
Removed Pin From Net: NetName=+3.3V_VDD Pin=R402-2
Removed Pin From Net: NetName=UART4_RXD Pin=R404-2
Removed Pin From Net: NetName=+1.8V_VDD Pin=R407-2
Removed Pin From Net: NetName=+3.3V_EXT Pin=R408-2
Removed Pin From Net: NetName=+1.8V_VDD Pin=R410-2
Removed Pin From Net: NetName=+3.3V_EXT Pin=R411-2
Removed Pin From Net: NetName=+1.8V_VDD Pin=R421-2
Removed Pin From Net: NetName=GND Pin=R425-1
Removed Pin From Net: NetName=GND Pin=R426-1
Removed Pin From Net: NetName=GND Pin=R427-1
Removed Pin From Net: NetName=I2C4_SCL_3V3 Pin=R428-1
Removed Pin From Net: NetName=I2C4_SDA_3V3 Pin=R429-1
Removed Pin From Net: NetName=+3.3V_VDD Pin=R1100-1
Removed Pin From Net: NetName=GPIO_EXP_9_1V8 Pin=R1101-1
Removed Pin From Net: NetName=+1.8V_VDD Pin=R1101-2
Removed Pin From Net: NetName=+3.3V_VDD Pin=R1102-2
Removed Pin From Net: NetName=GPIO_EXP_11_1V8 Pin=R1103-1
Removed Pin From Net: NetName=+1.8V_VDD Pin=R1103-2
Removed Pin From Net: NetName=+3.3V_VDD Pin=R1104-2
Removed Pin From Net: NetName=GND Pin=R1105-2
Removed Pin From Net: NetName=GPIO_EXP_10_1V8 Pin=R1106-1
Removed Pin From Net: NetName=+1.8V_VDD Pin=R1106-2
Removed Pin From Net: NetName=+3.3V_VDD Pin=R1107-2
Removed Pin From Net: NetName=GPIO_EXP_12_1V8 Pin=R1108-1
Removed Pin From Net: NetName=+1.8V_VDD Pin=R1108-2
Removed Pin From Net: NetName=+3.3V_VDD Pin=R1109-2
Removed Pin From Net: NetName=I2C4_SDA_3V3 Pin=R1110-1
Removed Pin From Net: NetName=I2C4_SCL_3V3 Pin=R1111-1
Removed Pin From Net: NetName=UART3_TX_3V3 Pin=R1113-2
Removed Pin From Net: NetName=UART3_RX_3V3 Pin=R1114-2
Removed Pin From Net: NetName=SAI3_TXC Pin=R1115-2
Removed Pin From Net: NetName=PWM1_E Pin=R1117-2
Removed Pin From Net: NetName=GPIO_EXP_1 Pin=R1118-1
Removed Pin From Net: NetName=PWM3_E Pin=R1119-1
Removed Pin From Net: NetName=GPIO_EXP_4 Pin=R1120-2
Removed Pin From Net: NetName=GPIO_EXP_5 Pin=R1121-2
Removed Pin From Net: NetName=GND Pin=R1122-2
Removed Pin From Net: NetName=ECSPI2_MOSI_3V3 Pin=R1123-1
Removed Pin From Net: NetName=ECSPI2_MISO_3V3 Pin=R1124-1
Removed Pin From Net: NetName=GPIO_EXP_6 Pin=R1125-2
Removed Pin From Net: NetName=+3.3V_VDD Pin=R1126-2
Removed Pin From Net: NetName=ECSPI2_SCLK_3V3 Pin=R1127-1
Removed Pin From Net: NetName=I2C3_SDA_3V3 Pin=R1129-2
Removed Pin From Net: NetName=I2C3_SCL_3V3 Pin=R1130-1
Removed Pin From Net: NetName=GPIO_EXP_7 Pin=R1131-2
Removed Pin From Net: NetName=GPIO_EXP_2 Pin=R1133-1
Removed Pin From Net: NetName=GPIO_EXP_3 Pin=R1134-1
Removed Pin From Net: NetName=PWM4_E Pin=R1135-2
Removed Pin From Net: NetName=PWM2_E Pin=R1136-1
Removed Pin From Net: NetName=GPIO_EXP_8 Pin=R1137-2
Removed Pin From Net: NetName=SAI3_TXFS Pin=R1138-1
Removed Pin From Net: NetName=SAI3_TXD Pin=R1142-2
Removed Pin From Net: NetName=SAI3_RXD Pin=R1144-2
Removed Pin From Net: NetName=ECSPI2_SS1_1V8 Pin=R1145-1
Removed Pin From Net: NetName=+1.8V_VDD Pin=R1145-2
Removed Pin From Net: NetName=+3.3V_VDD Pin=R1146-2
Removed Pin From Net: NetName=+3.3V_VDD Pin=R1300-2
Removed Pin From Net: NetName=+3.3V_VDD Pin=R1301-2
Removed Pin From Net: NetName=+3.3V_VDD Pin=R1302-2
Removed Pin From Net: NetName=UART2_TXD Pin=R1307-2
Removed Pin From Net: NetName=UART4_RXD Pin=R1308-1
Removed Pin From Net: NetName=GND Pin=R1310-1
Removed Pin From Net: NetName=UART4_RXD Pin=R1310-2
Removed Pin From Net: NetName=UART2_RXD Pin=R1312-2
Removed Pin From Net: NetName=GND Pin=R1314-1
Removed Pin From Net: NetName=UART2_RXD Pin=R1314-2
Removed Pin From Net: NetName=UART2_RXD Pin=R1316-1
Removed Pin From Net: NetName=UART2_RXD Pin=R1317-1
Removed Pin From Net: NetName=GND Pin=R1317-2
Removed Pin From Net: NetName=GND Pin=R1318-1
Removed Pin From Net: NetName=+1.8V_VDD Pin=R1319-1
Removed Pin From Net: NetName=UART_GPIO Pin=R1319-2
Removed Pin From Net: NetName=GND Pin=R1320-1
Removed Pin From Net: NetName=UART2_CTS Pin=R1322-1
Removed Pin From Net: NetName=GND Pin=R1322-2
Removed Pin From Net: NetName=UART2_CTS Pin=R1324-2
Removed Pin From Net: NetName=+3.3V_VDD Pin=R1327-1
Removed Pin From Net: NetName=+5V Pin=R1328-1
Removed Pin From Net: NetName=GND Pin=R1329-2
Removed Pin From Net: NetName=+5V Pin=R1330-2
Removed Pin From Net: NetName=UART4_RXD Pin=R1331-1
Removed Pin From Net: NetName=+3.3V_VDD Pin=R1331-2
Removed Pin From Net: NetName=SAI1_TXFS Pin=TP203-1
Removed Pin From Net: NetName=SAI1_TXC Pin=TP204-1
Removed Pin From Net: NetName=SAI1_RXD0 Pin=TP205-1
Removed Pin From Net: NetName=SAI1_TXD0 Pin=TP207-1
Removed Pin From Net: NetName=SAI1_MCLK Pin=TP208-1
Removed Pin From Net: NetName=GND Pin=TP301-1
Removed Pin From Net: NetName=GND Pin=U200-0
Removed Pin From Net: NetName=GND Pin=U200-1
Removed Pin From Net: NetName=GND Pin=U200-3
Removed Pin From Net: NetName=SAI1_MCLK Pin=U200-21
Removed Pin From Net: NetName=SAI1_TXFS Pin=U200-23
Removed Pin From Net: NetName=SAI1_TXC Pin=U200-24
Removed Pin From Net: NetName=SAI1_RXD0 Pin=U200-25
Removed Pin From Net: NetName=SAI1_TXD0 Pin=U200-26
Removed Pin From Net: NetName=I2C2_SDA_3V3 Pin=U200-27
Removed Pin From Net: NetName=I2C2_SCL_3V3 Pin=U200-29
Removed Pin From Net: NetName=GND Pin=U200-31
Removed Pin From Net: NetName=GND Pin=U200-32
Removed Pin From Net: NetName=+5V Pin=U202-9
Removed Pin From Net: NetName=GND Pin=U202-11
Removed Pin From Net: NetName=GND Pin=U300-41
Removed Pin From Net: NetName=GND Pin=U400-4
Removed Pin From Net: NetName=GND Pin=U400-5
Removed Pin From Net: NetName=GND Pin=U400-6
Removed Pin From Net: NetName=I2C2_SCL_3V3 Pin=U400-8
Removed Pin From Net: NetName=I2C2_SDA_3V3 Pin=U400-9
Removed Pin From Net: NetName=GND Pin=U400-10
Removed Pin From Net: NetName=GND Pin=U400-12
Removed Pin From Net: NetName=GND Pin=U400-15
Removed Pin From Net: NetName=GND Pin=U400-19
Removed Pin From Net: NetName=GND Pin=U400-21
Removed Pin From Net: NetName=GND Pin=U400-23
Removed Pin From Net: NetName=GND Pin=U400-24
Removed Pin From Net: NetName=GND Pin=U400-25
Removed Pin From Net: NetName=GND Pin=U1100-3
Removed Pin From Net: NetName=GND Pin=U1100-5
Removed Pin From Net: NetName=I2C3_SDA_3V3 Pin=U1100-9
Removed Pin From Net: NetName=I2C3_SCL_3V3 Pin=U1100-10
Removed Pin From Net: NetName=GND Pin=U1101-4
Removed Pin From Net: NetName=I2C2_SDA_3V3 Pin=U1101-5
Removed Pin From Net: NetName=I2C2_SCL_3V3 Pin=U1101-6
Removed Pin From Net: NetName=GND Pin=U1300-7
Removed Pin From Net: NetName=ECSPI2_SCLK_3V3 Pin=U1300-10
Removed Pin From Net: NetName=ECSPI2_MOSI_3V3 Pin=U1300-11
Removed Pin From Net: NetName=ECSPI2_MISO_3V3 Pin=U1300-12
Removed Pin From Net: NetName=ECSPI2_SS0_3V3 Pin=U1300-13
Removed Pin From Net: NetName=GND Pin=U1301-2
Removed Pin From Net: NetName=UART4_TXD Pin=U1302-11
Removed Pin From Net: NetName=GND Pin=U1302-15
Removed Pin From Net: NetName=UART2_CTS Pin=U1303-2
Removed Pin From Net: NetName=UART2_TXD Pin=U1303-4
Removed Pin From Net: NetName=GND Pin=U1303-5
Removed Pin From Net: NetName=GND Pin=X300-2
Removed Pin From Net: NetName=GND Pin=X300-4
Removed Pin From Net: NetName=GND Pin=XTAL400-2
Removed Pin From Net: NetName=GND Pin=XTAL400-4
Removed Pin From Net: NetName=GND Pin=XTAL1300-2
Removed Pin From Net: NetName=GND Pin=XTAL1300-4
Removed Member From Class: ClassName=04 PCIe Member=C400
Removed Member From Class: ClassName=04 PCIe Member=C401
Removed Member From Class: ClassName=04 PCIe Member=C404
Removed Member From Class: ClassName=04 PCIe Member=C405
Removed Member From Class: ClassName=04 PCIe Member=C406
Removed Member From Class: ClassName=04 PCIe Member=C407
Removed Member From Class: ClassName=04 PCIe Member=C408
Removed Member From Class: ClassName=04 PCIe Member=C409
Removed Member From Class: ClassName=04 PCIe Member=C410
Removed Member From Class: ClassName=04 PCIe Member=C411
Removed Member From Class: ClassName=04 PCIe Member=C412
Removed Member From Class: ClassName=04 PCIe Member=C413
Removed Member From Class: ClassName=04 PCIe Member=C414
Removed Member From Class: ClassName=04 PCIe Member=C415
Removed Member From Class: ClassName=04 PCIe Member=C416
Removed Member From Class: ClassName=04 PCIe Member=C417
Removed Member From Class: ClassName=04 PCIe Member=C419
Removed Member From Class: ClassName=01 SoM IO INTERFACE Member=CON102
Removed Member From Class: ClassName=04 PCIe Member=CON400
Removed Member From Class: ClassName=04 PCIe Member=CON401
Removed Member From Class: ClassName=04 PCIe Member=D400
Removed Member From Class: ClassName=04 PCIe Member=D401
Removed Member From Class: ClassName=04 PCIe Member=D402
Removed Member From Class: ClassName=04 PCIe Member=D403
Removed Member From Class: ClassName=04 PCIe Member=D404
Removed Member From Class: ClassName=04 PCIe Member=L401
Removed Member From Class: ClassName=04 PCIe Member=L402
Removed Member From Class: ClassName=04 PCIe Member=L403
Removed Member From Class: ClassName=04 PCIe Member=L404
Removed Member From Class: ClassName=04 PCIe Member=Q400
Removed Member From Class: ClassName=01 SoM IO INTERFACE Member=R119
Removed Member From Class: ClassName=01 SoM IO INTERFACE Member=R127
Removed Member From Class: ClassName=04 PCIe Member=R400
Removed Member From Class: ClassName=04 PCIe Member=R401
Removed Member From Class: ClassName=04 PCIe Member=R402
Removed Member From Class: ClassName=04 PCIe Member=R403
Removed Member From Class: ClassName=04 PCIe Member=R404
Removed Member From Class: ClassName=04 PCIe Member=R405
Removed Member From Class: ClassName=04 PCIe Member=R407
Removed Member From Class: ClassName=04 PCIe Member=R408
Removed Member From Class: ClassName=04 PCIe Member=R409
Removed Member From Class: ClassName=04 PCIe Member=R410
Removed Member From Class: ClassName=04 PCIe Member=R411
Removed Member From Class: ClassName=04 PCIe Member=R412
Removed Member From Class: ClassName=04 PCIe Member=R413
Removed Member From Class: ClassName=04 PCIe Member=R414
Removed Member From Class: ClassName=04 PCIe Member=R415
Removed Member From Class: ClassName=04 PCIe Member=R416
Removed Member From Class: ClassName=04 PCIe Member=R417
Removed Member From Class: ClassName=04 PCIe Member=R418
Removed Member From Class: ClassName=04 PCIe Member=R419
Removed Member From Class: ClassName=04 PCIe Member=R420
Removed Member From Class: ClassName=04 PCIe Member=R421
Removed Member From Class: ClassName=04 PCIe Member=R425
Removed Member From Class: ClassName=04 PCIe Member=R426
Removed Member From Class: ClassName=04 PCIe Member=R427
Removed Member From Class: ClassName=04 PCIe Member=R428
Removed Member From Class: ClassName=04 PCIe Member=R429
Removed Member From Class: ClassName=04 PCIe Member=TP404
Removed Member From Class: ClassName=04 PCIe Member=TP405
Removed Member From Class: ClassName=04 PCIe Member=TP406
Removed Member From Class: ClassName=04 PCIe Member=TP407
Removed Member From Class: ClassName=04 PCIe Member=TP408
Removed Member From Class: ClassName=04 PCIe Member=TP409
Removed Member From Class: ClassName=04 PCIe Member=TP410
Removed Member From Class: ClassName=04 PCIe Member=TP411
Removed Member From Class: ClassName=04 PCIe Member=TP412
Removed Member From Class: ClassName=04 PCIe Member=TP413
Removed Member From Class: ClassName=04 PCIe Member=U400
Removed Member From Class: ClassName=04 PCIe Member=XTAL400
Added Class: Name=N000-4_[0..2]
Added Class: Name=N000-6_[0..9]
Added Class: Name=N000-7_[0..1]
Added Class: Name=N000-8_[0..3]
Added Class: Name=N000-9_[0..1]
Added Class: Name=N000-10_[0..5]
Added Class: Name=N000-11_[0..2]
Added Class: Name=N000-12_[0..11]
Added Class: Name=N000-13_[0..1]
Added Class: Name=N000-16_[0..8]
Added Class: Name=N000-18_[0..3]
Added Class: Name=N000-19_[0..3]
Added Class: Name=N000-20_[0..3]
Added Class: Name=N000-21_[0..3]
Added Class: Name=N000-23_[0..4]
Added Class: Name=N000-25_[0..1]
